<?xml version="1.0" encoding="UTF-8"?>
<testsuite xmlns:xsi="http://www.w3.org/2001/XMLSchema-instance" xsi:noNamespaceSchemaLocation="https://maven.apache.org/surefire/maven-surefire-plugin/xsd/surefire-test-report-3.0.xsd" version="3.0" name="com.echosistema.echointel.EchoIntelClientTest" time="0.117" tests="26" errors="0" skipped="0" failures="0">
  <properties>
[...]
</properties>
  <testcase name="testGetCustomerById" classname="com.echosistema.echointel.EchoIntelClientTest" time="0.011"/>
  <testcase name="testSegmentationReportJsonWithDefaultLang" classname="com.echosistema.echointel.EchoIntelClientTest" time="0.004"/>
  <testcase name="testBuilderCreatesClient" classname="com.echosistema.echointel.EchoIntelClientTest" time="0.002"/>
  <testcase name="testValidationErrorThrowsException" classname="com.echosistema.echointel.EchoIntelClientTest" time="0.005"/>
  <testcase name="testListCustomersIncludeDisabled" classname="com.echosistema.echointel.EchoIntelClientTest" time="0.004"/>
  <testcase name="testForecastUnitsPostsData" classname="com.echosistema.echointel.EchoIntelClientTest" time="0.003"/>
  <testcase name="testCreateCustomerResolvesRoutes" classname="com.echosistema.echointel.EchoIntelClientTest" time="0.01"/>
  <testcase name="testForbiddenErrorThrowsAuthenticationException" classname="com.echosistema.echointel.EchoIntelClientTest" time="0.004"/>
  <testcase name="testJourneyMarkovEndpoint" classname="com.echosistema.echointel.EchoIntelClientTest" time="0.004"/>
  <testcase name="testNlpAnalysisEndpoint" classname="com.echosistema.echointel.EchoIntelClientTest" time="0.003"/>
  <testcase name="testSentimentReportEndpoint" classname="com.echosistema.echointel.EchoIntelClientTest" time="0.003"/>
  <testcase name="testUpdateCustomer" classname="com.echosistema.echointel.EchoIntelClientTest" time="0.004"/>
  <testcase name="testServerErrorThrowsException" classname="com.echosistema.echointel.EchoIntelClientTest" time="0.003"/>
  <testcase name="testCreditRiskScoreEndpoint" classname="com.echosistema.echointel.EchoIntelClientTest" time="0.002"/>
  <testcase name="testCustomerRfmPostsData" classname="com.echosistema.echointel.EchoIntelClientTest" time="0.004"/>
  <testcase name="testListCustomersReturnsData" classname="com.echosistema.echointel.EchoIntelClientTest" time="0.003"/>
  <testcase name="testAuthenticationErrorThrowsException" classname="com.echosistema.echointel.EchoIntelClientTest" time="0.003"/>
  <testcase name="testHealthReturnsSuccessResponse" classname="com.echosistema.echointel.EchoIntelClientTest" time="0.002"/>
  <testcase name="testForecastCostPostsData" classname="com.echosistema.echointel.EchoIntelClientTest" time="0.003"/>
  <testcase name="testSegmentationReportI18nWithLang" classname="com.echosistema.echointel.EchoIntelClientTest" time="0.002"/>
  <testcase name="testWithAuthSendsAllHeaders" classname="com.echosistema.echointel.EchoIntelClientTest" time="0.003"/>
  <testcase name="testForecastRevenuePostsData" classname="com.echosistema.echointel.EchoIntelClientTest" time="0.006"/>
  <testcase name="testCustomerSegmentationPostsData" classname="com.echosistema.echointel.EchoIntelClientTest" time="0.003"/>
  <testcase name="testDeleteCustomer" classname="com.echosistema.echointel.EchoIntelClientTest" time="0.003"/>
  <testcase name="testAnomalyTransactionsEndpoint" classname="com.echosistema.echointel.EchoIntelClientTest" time="0.003"/>
  <testcase name="testCreateCustomerWithAdminSecret" classname="com.echosistema.echointel.EchoIntelClientTest" time="0.003"/>
</testsuite>